<?xml version="1.0" encoding="UTF-8"?>
<testng-results skipped="0" failed="0" ignored="0" total="4" passed="4">
  <reporter-output>
  </reporter-output>
  <suite name="Command line suite" duration-ms="40" started-at="2019-06-21T05:32:06Z" finished-at="2019-06-21T05:32:06Z">
    <groups>
    </groups>
    <test name="Command line test" duration-ms="40" started-at="2019-06-21T05:32:06Z" finished-at="2019-06-21T05:32:06Z">
      <class name="qaclickacademy.RESTAPITest">
        <test-method status="PASS" signature="deleteTwitter()[pri:0, instance:qaclickacademy.RESTAPITest@dfd3711]" name="deleteTwitter" duration-ms="8" started-at="2019-06-21T11:02:06Z" finished-at="2019-06-21T11:02:06Z">
          <reporter-output>
          </reporter-output>
        </test-method> <!-- deleteTwitter -->
        <test-method status="PASS" signature="postJira()[pri:0, instance:qaclickacademy.RESTAPITest@dfd3711]" name="postJira" duration-ms="1" started-at="2019-06-21T11:02:06Z" finished-at="2019-06-21T11:02:06Z">
          <reporter-output>
          </reporter-output>
        </test-method> <!-- postJira -->
      </class> <!-- qaclickacademy.RESTAPITest -->
      <class name="qaclickacademy.SeleniumTest">
        <test-method status="PASS" signature="BrowserAUtomation()[pri:0, instance:qaclickacademy.SeleniumTest@5f2050f6]" name="BrowserAUtomation" duration-ms="0" started-at="2019-06-21T11:02:06Z" finished-at="2019-06-21T11:02:06Z">
          <reporter-output>
          </reporter-output>
        </test-method> <!-- BrowserAUtomation -->
        <test-method status="PASS" signature="elementsUi()[pri:0, instance:qaclickacademy.SeleniumTest@5f2050f6]" name="elementsUi" duration-ms="0" started-at="2019-06-21T11:02:06Z" finished-at="2019-06-21T11:02:06Z">
          <reporter-output>
          </reporter-output>
        </test-method> <!-- elementsUi -->
      </class> <!-- qaclickacademy.SeleniumTest -->
    </test> <!-- Command line test -->
  </suite> <!-- Command line suite -->
</testng-results>
