<?xml version="1.0" encoding="UTF-8"?>
<testng-results skipped="0" failed="0" ignored="0" total="2" passed="2">
  <reporter-output>
  </reporter-output>
  <suite name="Default suite" duration-ms="381" started-at="2019-06-28T10:00:54Z" finished-at="2019-06-28T10:00:54Z">
    <groups>
    </groups>
    <test name="Default test" duration-ms="381" started-at="2019-06-28T10:00:54Z" finished-at="2019-06-28T10:00:54Z">
      <class name="qaclickacademy.Apptest">
        <test-method status="PASS" signature="IOSapp()[pri:0, instance:qaclickacademy.Apptest@57fffcd7]" name="IOSapp" duration-ms="90" started-at="2019-06-28T10:00:54Z" finished-at="2019-06-28T10:00:54Z">
          <reporter-output>
          </reporter-output>
        </test-method> <!-- IOSapp -->
        <test-method status="PASS" signature="Nativeappandroid()[pri:0, instance:qaclickacademy.Apptest@57fffcd7]" name="Nativeappandroid" duration-ms="1" started-at="2019-06-28T10:00:54Z" finished-at="2019-06-28T10:00:54Z">
          <reporter-output>
          </reporter-output>
        </test-method> <!-- Nativeappandroid -->
      </class> <!-- qaclickacademy.Apptest -->
    </test> <!-- Default test -->
  </suite> <!-- Default suite -->
</testng-results>
