<?xml version="1.0" encoding="UTF-8"?>
<!-- Generated by org.testng.reporters.JUnitXMLReporter -->
<testsuite hostname="SPICITY906" ignored="0" name="Test" tests="6" failures="0" timestamp="21 Jun 2019 05:32:43 GMT" time="0.147" errors="0">
  <testcase name="BrowserAUtomation" time="0.013" classname="qaclickacademy.SeleniumTest"/>
  <testcase name="elementsUi" time="0.003" classname="qaclickacademy.SeleniumTest"/>
  <testcase name="deleteTwitter" time="0.001" classname="qaclickacademy.RESTAPITest"/>
  <testcase name="postJira" time="0.007" classname="qaclickacademy.RESTAPITest"/>
  <testcase name="IOSapp" time="0.001" classname="qaclickacademy.Apptest"/>
  <testcase name="Nativeappandroid" time="0.001" classname="qaclickacademy.Apptest"/>
</testsuite> <!-- Test -->
